==============================================================================
Generated Quads for the program
  0. :i	=	lo
  1. :j	=	hi
  2. :t000	=	lo + hi
  3. :r	=	t000
  4. :t001	=	t000
  5. :t002	=	2
  6. :t003	=	r / t002
  7. :r	=	t003
  8. :t004	=	t003
  9. :t005	=	0
 10. :t007	=	r * 4
 11. :t006	=	t005 + t007
 12. :t008	=	a[t006]
 13. :x	=	t008
 14. :t009	=	t008
 15. :t010	=	0
 16. :t012	=	i * 4
 17. :t011	=	t010 + t012
 18. :t013	=	a[t011]
 19. :r	=	t013
 20. :t014	=	t013
 21. :if  r <x	goto 24
 22. :goto 33
 23. :goto 33
 24. :t015	=	i
 25. :i	=	i + 1
 26. :t016	=	0
 27. :t018	=	i * 4
 28. :t017	=	t016 + t018
 29. :t019	=	a[t017]
 30. :r	=	t019
 31. :t020	=	t019
 32. :goto 21
 33. :t021	=	0
 34. :t023	=	j * 4
 35. :t022	=	t021 + t023
 36. :t024	=	a[t022]
 37. :r	=	t024
 38. :t025	=	t024
 39. :if  r >x	goto 42
 40. :goto 51
 41. :goto 51
 42. :t026	=	j
 43. :j	=	j - 1
 44. :t027	=	0
 45. :t029	=	j * 4
 46. :t028	=	t027 + t029
 47. :t030	=	a[t028]
 48. :r	=	t030
 49. :t031	=	t030
 50. :goto 39
 51. :if  i <=j	goto 54
 52. :goto 81
 53. :goto 81
 54. :t032	=	0
 55. :t034	=	i * 4
 56. :t033	=	t032 + t034
 57. :t035	=	a[t033]
 58. :h	=	t035
 59. :t036	=	t035
 60. :t037	=	0
 61. :t039	=	j * 4
 62. :t038	=	t037 + t039
 63. :t040	=	a[t038]
 64. :r	=	t040
 65. :t041	=	t040
 66. :t042	=	0
 67. :t044	=	i * 4
 68. :t043	=	t042 + t044
 69. :a[t043]	=	r
 70. :t045	=	r
 71. :t046	=	0
 72. :t048	=	j * 4
 73. :t047	=	t046 + t048
 74. :a[t047]	=	h
 75. :t049	=	h
 76. :t050	=	i
 77. :i	=	i + 1
 78. :t051	=	j
 79. :j	=	j - 1
 80. :goto 81
 81. :if  i <=j	goto 15
 82. :goto 84
 83. :goto 84
 84. :if  lo <j	goto 87
 85. :goto 93
 86. :goto 93
 87. :t052	=	0
 88. :param	a
 89. :param	lo
 90. :param	j
 91. :t053	=	call quickSort, 3
 92. :goto 93
 93. :if  i <hi	goto 96
 94. :goto -1
 95. :goto 102
 96. :t054	=	0
 97. :param	a
 98. :param	i
 99. :param	hi
100. :t055	=	call quickSort, 3
101. :goto -1
102. :t056	=	& c
103. :ep	=	t056
104. :t057	=	t056
105. :t058	=	100
106. :param	_0
107. :t059	=	call printStr, 1
108. :param	_1
109. :t060	=	call printStr, 1
110. :param	_2
111. :t061	=	call printStr, 1
112. :param	_3
113. :t062	=	call printStr, 1
114. :param	_4
115. :t063	=	call printStr, 1
116. :t064	=	0
117. :i	=	t064
118. :t065	=	t064
119. :t066	=	10
120. :if  i <t066	goto 126
121. :goto 136
122. :goto 136
123. :t067	=	i
124. :i	=	i + 1
125. :goto 119
126. :param	ep
127. :t068	=	call readInt, 1
128. :r	=	t068
129. :t069	=	t068
130. :t070	=	0
131. :t072	=	i * 4
132. :t071	=	t070 + t072
133. :a[t071]	=	r
134. :t073	=	r
135. :goto 123
136. :t074	=	0
137. :t075	=	0
138. :t076	=	9
139. :param	a
140. :param	t075
141. :param	t076
142. :t077	=	call quickSort, 3
143. :param	_5
144. :t078	=	call printStr, 1
145. :t079	=	0
146. :i	=	t079
147. :t080	=	t079
148. :t081	=	10
149. :if  i <t081	goto 155
150. :goto -1
151. :goto 166
152. :t082	=	i
153. :i	=	i + 1
154. :goto 148
155. :t083	=	0
156. :t085	=	i * 4
157. :t084	=	t083 + t085
158. :t086	=	a[t084]
159. :r	=	t086
160. :t087	=	t086
161. :param	r
162. :t088	=	call printInt, 1
163. :param	_6
164. :t089	=	call printStr, 1
165. :goto 152
==============================================================================
Symbol table Maintained For the Given Program
==================================================================================================
Symbol Table : Global
Offset = 0
Start Quad Index = 0
End Quad Index =  0
------------------------------------------------------------------------------------------------
Name	Value	var_type	size	Offset	Type
------------------------------------------------------------------------------------------------
printInt	null	func		0	1	ptr-to-St( Global )Int
readInt	null	func		0	1	ptr-to-St( Global )Int
printStr	null	func		0	1	ptr-to-St( Global )Int
quickSort	null	func		0	1	ptr-to-St( quickSort )Int
main	null	func		0	1	ptr-to-St( main )Int

==================================================================================================
=============================================================================
==================================================================================================
Symbol Table : quickSort
Offset = -264
Start Quad Index = 0
End Quad Index =  101
------------------------------------------------------------------------------------------------
Name	Value	var_type	size	Offset	Type
------------------------------------------------------------------------------------------------
retVal	null	return		4	0	Int
a	null	param		8	16	array(-1,Int)
lo	null	param		4	8	Int
hi	null	param		4	4	Int
r	null	local		4	20	Int
i	0	local		4	24	Int
j	0	local		4	28	Int
t	null	local		4	32	Int
x	null	local		4	36	Int
h	null	local		4	40	Int
t000	null	temp		4	44	Int
t001	null	temp		4	48	Int
t002	2	temp		4	52	Int
t003	null	temp		4	56	Int
t004	null	temp		4	60	Int
t005	0	temp		4	64	Int
t006	null	temp		4	68	Int
t007	null	temp		4	72	Int
t008	null	temp		4	76	Int
t009	null	temp		4	80	Int
t010	0	temp		4	84	Int
t011	null	temp		4	88	Int
t012	null	temp		4	92	Int
t013	null	temp		4	96	Int
t014	null	temp		4	100	Int
t015	null	temp		4	104	Int
t016	0	temp		4	108	Int
t017	null	temp		4	112	Int
t018	null	temp		4	116	Int
t019	null	temp		4	120	Int
t020	null	temp		4	124	Int
t021	0	temp		4	128	Int
t022	null	temp		4	132	Int
t023	null	temp		4	136	Int
t024	null	temp		4	140	Int
t025	null	temp		4	144	Int
t026	null	temp		4	148	Int
t027	0	temp		4	152	Int
t028	null	temp		4	156	Int
t029	null	temp		4	160	Int
t030	null	temp		4	164	Int
t031	null	temp		4	168	Int
t032	0	temp		4	172	Int
t033	null	temp		4	176	Int
t034	null	temp		4	180	Int
t035	null	temp		4	184	Int
t036	null	temp		4	188	Int
t037	0	temp		4	192	Int
t038	null	temp		4	196	Int
t039	null	temp		4	200	Int
t040	null	temp		4	204	Int
t041	null	temp		4	208	Int
t042	0	temp		4	212	Int
t043	null	temp		4	216	Int
t044	null	temp		4	220	Int
t045	null	temp		4	224	Int
t046	0	temp		4	228	Int
t047	null	temp		4	232	Int
t048	null	temp		4	236	Int
t049	null	temp		4	240	Int
t050	null	temp		4	244	Int
t051	null	temp		4	248	Int
t052	0	temp		4	252	Int
t053	null	temp		4	256	Int
t054	0	temp		4	260	Int
t055	null	temp		4	264	Int

==================================================================================================
==================================================================================================
Symbol Table : main
Offset = -568
Start Quad Index = 102
End Quad Index =  165
------------------------------------------------------------------------------------------------
Name	Value	var_type	size	Offset	Type
------------------------------------------------------------------------------------------------
retVal	null	return		4	0	Int
c	null	local		4	4	Int
n	null	local		4	8	Int
i	null	local		4	12	Int
r	null	local		4	16	Int
ep	null	local		8	24	ptr(Int)
t056	null	temp		8	32	ptr(Int)
t057	null	temp		8	40	ptr(Int)
a	null	local		400	440	array(100,Int)
t058	100	temp		4	444	Int
t059	null	temp		4	448	Int
t060	null	temp		4	452	Int
t061	null	temp		4	456	Int
t062	null	temp		4	460	Int
t063	null	temp		4	464	Int
t064	0	temp		4	468	Int
t065	null	temp		4	472	Int
t066	10	temp		4	476	Int
t067	null	temp		4	480	Int
t068	null	temp		4	484	Int
t069	null	temp		4	488	Int
t070	0	temp		4	492	Int
t071	null	temp		4	496	Int
t072	null	temp		4	500	Int
t073	null	temp		4	504	Int
t074	0	temp		4	508	Int
t075	0	temp		4	512	Int
t076	9	temp		4	516	Int
t077	null	temp		4	520	Int
t078	null	temp		4	524	Int
t079	0	temp		4	528	Int
t080	null	temp		4	532	Int
t081	10	temp		4	536	Int
t082	null	temp		4	540	Int
t083	0	temp		4	544	Int
t084	null	temp		4	548	Int
t085	null	temp		4	552	Int
t086	null	temp		4	556	Int
t087	null	temp		4	560	Int
t088	null	temp		4	564	Int
t089	null	temp		4	568	Int

==================================================================================================
